<?xml version="1.0" encoding="UTF-8"?>
<!-- Generated by org.testng.reporters.JUnitReportReporter -->
<testsuite skipped="0" hostname="users-MacBook-Pro.local" name="rMavenProject.rahulMavenProject.RESTAPItest" tests="2" failures="0" timestamp="2021-04-03T16:28:38 EDT" time="0.007" errors="0">
  <testcase name="postJira" time="0.005" classname="rMavenProject.rahulMavenProject.RESTAPItest"/>
  <system-out/>
  <testcase name="deleteTwitter" time="0.002" classname="rMavenProject.rahulMavenProject.RESTAPItest"/>
  <system-out/>
</testsuite> <!-- rMavenProject.rahulMavenProject.RESTAPItest -->
