<?xml version="1.0" encoding="UTF-8"?>
<!-- Generated by org.testng.reporters.JUnitReportReporter -->
<testsuite skipped="0" hostname="users-MacBook-Pro.local" name="rMavenProject.rahulMavenProject.AppiumTest" tests="2" failures="0" timestamp="2021-04-03T16:28:38 EDT" time="0.003" errors="0">
  <testcase name="NativeAppAndroid" time="0.002" classname="rMavenProject.rahulMavenProject.AppiumTest"/>
  <system-out/>
  <testcase name="iOSaPP" time="0.001" classname="rMavenProject.rahulMavenProject.AppiumTest"/>
  <system-out/>
</testsuite> <!-- rMavenProject.rahulMavenProject.AppiumTest -->
