<?xml version="1.0" encoding="UTF-8"?>
<!-- Generated by org.testng.reporters.JUnitReportReporter -->
<testsuite skipped="0" hostname="users-MacBook-Pro.local" name="rMavenProject.rahulMavenProject.SeleniumTest" tests="2" failures="0" timestamp="2021-04-03T16:33:28 EDT" time="0.009" errors="0">
  <testcase name="elementsUi" time="0.001" classname="rMavenProject.rahulMavenProject.SeleniumTest"/>
  <system-out/>
  <testcase name="BrowserAutomation" time="0.008" classname="rMavenProject.rahulMavenProject.SeleniumTest"/>
  <system-out/>
</testsuite> <!-- rMavenProject.rahulMavenProject.SeleniumTest -->
